<?xml version="1.0" encoding="utf-8"?><testsuites name="pytest tests"><testsuite name="pytest" errors="0" failures="0" skipped="0" tests="7" time="2.429" timestamp="2026-09-24T00:52:51.042993+00:00" hostname="agent-env-99519010-3dd1-46ec-8918-a0e0f0f20d1a"><testcase classname="tests.backend_test.TestAuth" name="test_login_demo_user" time="0.423" /><testcase classname="tests.backend_test.TestAuth" name="test_login_wrong_password" time="0.365" /><testcase classname="tests.backend_test.TestAuth" name="test_register_new_user_and_me" time="0.655" /><testcase classname="tests.backend_test.TestAuth" name="test_register_short_password_rejected" time="0.210" /><testcase classname="tests.backend_test.TestAuth" name="test_register_duplicate_email" time="0.125" /><testcase classname="tests.backend_test.TestAuth" name="test_me_no_token" time="0.163" /><testcase classname="tests.backend_test.TestAuth" name="test_me_invalid_token" time="0.117" /></testsuite></testsuites>